c:\users\srdja\desktop\tenkici\sablon\x64\debug\vc143.pdb
c:\users\srdja\desktop\tenkici\sablon\x64\debug\vc143.idb
c:\users\srdja\desktop\tenkici\sablon\x64\debug\turret.obj
c:\users\srdja\desktop\tenkici\sablon\x64\debug\tank.obj
c:\users\srdja\desktop\tenkici\sablon\x64\debug\oldmain.obj
c:\users\srdja\desktop\tenkici\sablon\x64\debug\map.obj
c:\users\srdja\desktop\tenkici\sablon\x64\debug\main.obj
c:\users\srdja\desktop\tenkici\sablon\x64\debug\globalfunctions.obj
c:\users\srdja\desktop\tenkici\sablon\x64\debug\crosshair.obj
c:\users\srdja\desktop\tenkici\sablon\x64\debug\pausemenu.obj
c:\users\srdja\desktop\tenkici\sablon\x64\debug\textrenderer.obj
c:\users\srdja\desktop\tenkici\sablon\x64\debug\projectile.obj
c:\users\srdja\desktop\tenkici\sablon\x64\debug\explosion.obj
c:\users\srdja\desktop\tenkici\sablon\x64\debug\sablon.exe
c:\users\srdja\desktop\tenkici\sablon\x64\debug\sablon.ilk
c:\users\srdja\desktop\tenkici\sablon\x64\debug\sablon.pdb
c:\users\srdja\desktop\tenkici\sablon\x64\debug\freetyped.dll
c:\users\srdja\desktop\tenkici\sablon\x64\debug\zlibd1.dll
c:\users\srdja\desktop\tenkici\sablon\x64\debug\bz2d.dll
c:\users\srdja\desktop\tenkici\sablon\x64\debug\libpng16d.dll
c:\users\srdja\desktop\tenkici\sablon\x64\debug\brotlidec.dll
c:\users\srdja\desktop\tenkici\sablon\x64\debug\brotlicommon.dll
c:\users\srdja\desktop\tenkici\sablon\x64\debug\background.obj
c:\users\srdja\desktop\tenkici\sablon\x64\debug\main.new.obj.enc
c:\users\srdja\desktop\tenkici\sablon\x64\debug\sablon.tlog\cl.command.1.tlog
c:\users\srdja\desktop\tenkici\sablon\x64\debug\sablon.tlog\cl.items.tlog
c:\users\srdja\desktop\tenkici\sablon\x64\debug\sablon.tlog\cl.read.1.tlog
c:\users\srdja\desktop\tenkici\sablon\x64\debug\sablon.tlog\cl.write.1.tlog
c:\users\srdja\desktop\tenkici\sablon\x64\debug\sablon.tlog\link.command.1.tlog
c:\users\srdja\desktop\tenkici\sablon\x64\debug\sablon.tlog\link.read.1.tlog
c:\users\srdja\desktop\tenkici\sablon\x64\debug\sablon.tlog\link.write.1.tlog
c:\users\srdja\desktop\tenkici\sablon\x64\debug\sablon.tlog\sablon.write.1u.tlog
